INFO: 2021-12-15 00:24:00,980: main() 'Using profile folder /home/v/.config/variety/'
INFO: 2021-12-15 00:24:00,982: perform_upgrade() 'Last run version was 0.8.5 or earlier, current version is 0.8.5'
INFO: 2021-12-15 00:24:01,096: process_command() 'Received command: []'
INFO: 2021-12-15 00:24:01,102: start() 'Using data_path /usr/share/variety'
INFO: 2021-12-15 00:24:01,102: load() 'Jumble loading'
INFO: 2021-12-15 00:24:01,102: _walk_modules() 'Jumble loading module in __init__ from /usr/lib/python3.10/site-packages/variety/plugins/builtin/__init__.py'
INFO: 2021-12-15 00:24:01,103: _walk_modules() 'Jumble loading module in APODDownloader from /usr/lib/python3.10/site-packages/variety/plugins/builtin/downloaders/APODDownloader.py'
INFO: 2021-12-15 00:24:01,103: load() 'Jumble found plugin class: <class 'APODDownloader.APODDownloader'>: {'name': 'APODDownloader', 'description': 'NASA Astro Pic of the Day', 'author': 'Peter Levi', 'version': '0.1'}'
INFO: 2021-12-15 00:24:01,103: _walk_modules() 'Jumble loading module in BingDownloader from /usr/lib/python3.10/site-packages/variety/plugins/builtin/downloaders/BingDownloader.py'
INFO: 2021-12-15 00:24:01,104: load() 'Jumble found plugin class: <class 'BingDownloader.BingDownloader'>: {'name': 'BingDownloader', 'description': 'Bing Photo of the Day', 'author': 'Peter Levi', 'version': '0.1'}'
INFO: 2021-12-15 00:24:01,104: _walk_modules() 'Jumble loading module in EarthviewDownloader from /usr/lib/python3.10/site-packages/variety/plugins/builtin/downloaders/EarthviewDownloader.py'
INFO: 2021-12-15 00:24:01,104: load() 'Jumble found plugin class: <class 'EarthviewDownloader.EarthviewDownloader'>: {'name': 'EarthviewDownloader', 'description': 'Google Earth View Wallpapers', 'author': 'Peter Levi', 'version': '0.1'}'
INFO: 2021-12-15 00:24:01,104: _walk_modules() 'Jumble loading module in MediaRSSDownloader from /usr/lib/python3.10/site-packages/variety/plugins/builtin/downloaders/MediaRSSDownloader.py'
INFO: 2021-12-15 00:24:01,105: _walk_modules() 'Jumble loading module in MediaRSSSource from /usr/lib/python3.10/site-packages/variety/plugins/builtin/downloaders/MediaRSSSource.py'
INFO: 2021-12-15 00:24:01,106: load() 'Jumble found plugin class: <class 'MediaRSSSource.MediaRSSSource'>: {'name': 'MediaRSSSource', 'description': 'Configurable source for fetching images from MediaRSS feeds', 'author': 'Peter Levi', 'version': '0.1'}'
INFO: 2021-12-15 00:24:01,106: _walk_modules() 'Jumble loading module in RedditDownloader from /usr/lib/python3.10/site-packages/variety/plugins/builtin/downloaders/RedditDownloader.py'
INFO: 2021-12-15 00:24:01,106: _walk_modules() 'Jumble loading module in RedditSource from /usr/lib/python3.10/site-packages/variety/plugins/builtin/downloaders/RedditSource.py'
INFO: 2021-12-15 00:24:01,107: load() 'Jumble found plugin class: <class 'RedditSource.RedditSource'>: {'name': 'RedditSource', 'description': 'Configurable source for fetching images from Reddit', 'author': 'Peter Levi', 'version': '0.1'}'
INFO: 2021-12-15 00:24:01,107: _walk_modules() 'Jumble loading module in UnsplashConfigurableSource from /usr/lib/python3.10/site-packages/variety/plugins/builtin/downloaders/UnsplashConfigurableSource.py'
INFO: 2021-12-15 00:24:01,108: load() 'Jumble found plugin class: <class 'UnsplashConfigurableSource.UnsplashConfigurableSource'>: {'name': 'UnsplashConfigurableSource', 'description': 'Configurable source for fetching photos from Unsplash.com', 'author': 'Peter Levi', 'version': '0.1'}'
INFO: 2021-12-15 00:24:01,108: _walk_modules() 'Jumble loading module in UnsplashDownloader from /usr/lib/python3.10/site-packages/variety/plugins/builtin/downloaders/UnsplashDownloader.py'
INFO: 2021-12-15 00:24:01,109: load() 'Jumble found plugin class: <class 'UnsplashDownloader.UnsplashDownloader'>: {'name': 'UnsplashDownloader', 'description': 'High-resolution photos from Unsplash.com', 'author': 'Peter Levi', 'version': '0.1'}'
INFO: 2021-12-15 00:24:01,109: _walk_modules() 'Jumble loading module in WallhavenDownloader from /usr/lib/python3.10/site-packages/variety/plugins/builtin/downloaders/WallhavenDownloader.py'
INFO: 2021-12-15 00:24:01,109: _walk_modules() 'Jumble loading module in WallhavenSource from /usr/lib/python3.10/site-packages/variety/plugins/builtin/downloaders/WallhavenSource.py'
INFO: 2021-12-15 00:24:01,110: load() 'Jumble found plugin class: <class 'WallhavenSource.WallhavenSource'>: {'name': 'WallhavenSource', 'description': 'Configurable source for fetching images from Wallhaven.cc', 'author': 'Peter Levi', 'version': '0.1'}'
INFO: 2021-12-15 00:24:01,110: _walk_modules() 'Jumble loading module in __init__ from /usr/lib/python3.10/site-packages/variety/plugins/builtin/downloaders/__init__.py'
INFO: 2021-12-15 00:24:01,110: _walk_modules() 'Jumble loading module in FortuneSource from /usr/lib/python3.10/site-packages/variety/plugins/builtin/quotes/FortuneSource.py'
INFO: 2021-12-15 00:24:01,110: load() 'Jumble found plugin class: <class 'FortuneSource.FortuneSource'>: {'name': 'UNIX fortune program', 'description': 'Displays quotes using the UNIX fortune program. You may want to install additional fortune packs, e.g. fortunes-bofh-excuses.', 'author': 'Dan Jones', 'version': '0.1'}'
INFO: 2021-12-15 00:24:01,110: _walk_modules() 'Jumble loading module in GoodreadsSource from /usr/lib/python3.10/site-packages/variety/plugins/builtin/quotes/GoodreadsSource.py'
INFO: 2021-12-15 00:24:01,113: load() 'Jumble found plugin class: <class 'GoodreadsSource.GoodreadsSource'>: {'name': 'Goodreads', 'description': 'Fetches quotes from Goodreads.com', 'author': 'Peter Levi', 'version': '0.1'}'
INFO: 2021-12-15 00:24:01,113: _walk_modules() 'Jumble loading module in LocalFilesSource from /usr/lib/python3.10/site-packages/variety/plugins/builtin/quotes/LocalFilesSource.py'
INFO: 2021-12-15 00:24:01,114: load() 'Jumble found plugin class: <class 'LocalFilesSource.LocalFilesSource'>: {'name': 'Local text files', 'description': 'Displays quotes, defined in local text files.\nPut your own txt files in: ~/.config/variety/pluginconfig/quotes/.\nThe file format is:\n\nquote -- author\n.\nsecond quote -- another author\n.\netc...\n\nExample: http://rvelthuis.de/zips/quotes.txt', 'author': 'Peter Levi', 'version': '0.1'}'
INFO: 2021-12-15 00:24:01,114: _walk_modules() 'Jumble loading module in QuotationsPageSource from /usr/lib/python3.10/site-packages/variety/plugins/builtin/quotes/QuotationsPageSource.py'
INFO: 2021-12-15 00:24:01,114: load() 'Jumble found plugin class: <class 'QuotationsPageSource.QuotationsPageSource'>: {'name': 'TheQuotationsPage.com', 'description': 'Fetches quotes from TheQuotationsPage.com', 'author': 'Peter Levi', 'version': '0.1'}'
INFO: 2021-12-15 00:24:01,114: _walk_modules() 'Jumble loading module in UrbanDictionarySource from /usr/lib/python3.10/site-packages/variety/plugins/builtin/quotes/UrbanDictionarySource.py'
INFO: 2021-12-15 00:24:01,115: load() 'Jumble found plugin class: <class 'UrbanDictionarySource.UrbanDictionarySource'>: {'name': 'Urban Dictionary', 'description': 'Displays definitions from Urban Dictionary', 'author': 'James Miller', 'version': '0.1'}'
INFO: 2021-12-15 00:24:01,115: _walk_modules() 'Jumble loading module in __init__ from /usr/lib/python3.10/site-packages/variety/plugins/builtin/quotes/__init__.py'
INFO: 2021-12-15 00:24:01,117: log_options() 'Loaded options:'
INFO: 2021-12-15 00:24:01,117: log_options() 'change_enabled = True'
INFO: 2021-12-15 00:24:01,117: log_options() 'change_interval = 60'
INFO: 2021-12-15 00:24:01,117: log_options() 'change_on_start = False'
INFO: 2021-12-15 00:24:01,117: log_options() 'clipboard_enabled = False'
INFO: 2021-12-15 00:24:01,117: log_options() 'clipboard_hosts = ['wallhaven.cc', 'wallpapers.net', 'flickr.com', 'imgur.com', 'deviantart.com', 'interfacelift.com', 'vladstudio.com', 'imageshack.us', 'deviantart.net', 'imageshack.com']'
INFO: 2021-12-15 00:24:01,117: log_options() 'clipboard_use_whitelist = True'
INFO: 2021-12-15 00:24:01,117: log_options() 'clock_date_font = Ubuntu Condensed, 30'
INFO: 2021-12-15 00:24:01,117: log_options() 'clock_enabled = False'
INFO: 2021-12-15 00:24:01,117: log_options() 'clock_filter = -density 100 -font `fc-match -f '%{file[0]}' '%CLOCK_FONT_NAME'` -pointsize %CLOCK_FONT_SIZE -gravity SouthEast -fill '#00000044' -annotate 0x0+[%HOFFSET+58]+[%VOFFSET+108] '%H:%M' -fill white -annotate 0x0+[%HOFFSET+60]+[%VOFFSET+110] '%H:%M' -font `fc-match -f '%{file[0]}' '%DATE_FONT_NAME'` -pointsize %DATE_FONT_SIZE -fill '#00000044' -annotate 0x0+[%HOFFSET+58]+[%VOFFSET+58] '%A, %B %d' -fill white -annotate 0x0+[%HOFFSET+60]+[%VOFFSET+60] '%A, %B %d''
INFO: 2021-12-15 00:24:01,117: log_options() 'clock_font = Ubuntu Condensed, 70'
INFO: 2021-12-15 00:24:01,117: log_options() 'configfile = /home/v/.config/variety/variety.conf'
INFO: 2021-12-15 00:24:01,117: log_options() 'copyto_enabled = False'
INFO: 2021-12-15 00:24:01,117: log_options() 'copyto_folder = Default'
INFO: 2021-12-15 00:24:01,117: log_options() 'desired_color = [160, 160, 160]'
INFO: 2021-12-15 00:24:01,117: log_options() 'desired_color_enabled = False'
INFO: 2021-12-15 00:24:01,117: log_options() 'download_folder = /home/v/.config/variety/Downloaded'
INFO: 2021-12-15 00:24:01,117: log_options() 'download_preference_ratio = 0.9'
INFO: 2021-12-15 00:24:01,117: log_options() 'favorites_folder = /home/v/.config/variety/Favorites'
INFO: 2021-12-15 00:24:01,117: log_options() 'favorites_operations = [['Downloaded', 'Copy'], ['Fetched', 'Move'], ['Others', 'Copy']]'
INFO: 2021-12-15 00:24:01,117: log_options() 'fetched_folder = /home/v/.config/variety/Fetched'
INFO: 2021-12-15 00:24:01,117: log_options() 'filters = [[False, 'Keep original', ''], [False, 'Grayscale', '-type Grayscale'], [False, 'Heavy blur', '-blur 120x40'], [False, 'Soft blur', '-blur 20x7'], [False, 'Oil painting', '-paint 8'], [False, 'Pointilism', '-spread 10 -noise 3'], [False, 'Pixellate', '-scale 3% -scale 3333%']]'
INFO: 2021-12-15 00:24:01,117: log_options() 'icon = /home/v/.config/variety/image.png'
INFO: 2021-12-15 00:24:01,117: log_options() 'lightness_enabled = False'
INFO: 2021-12-15 00:24:01,117: log_options() 'lightness_mode = 0'
INFO: 2021-12-15 00:24:01,117: log_options() 'min_rating = 4'
INFO: 2021-12-15 00:24:01,117: log_options() 'min_rating_enabled = False'
INFO: 2021-12-15 00:24:01,117: log_options() 'min_size = 80'
INFO: 2021-12-15 00:24:01,117: log_options() 'min_size_enabled = True'
INFO: 2021-12-15 00:24:01,117: log_options() 'quota_enabled = True'
INFO: 2021-12-15 00:24:01,117: log_options() 'quota_size = 1000'
INFO: 2021-12-15 00:24:01,117: log_options() 'quotes_authors = '
INFO: 2021-12-15 00:24:01,117: log_options() 'quotes_bg_color = [80, 80, 80]'
INFO: 2021-12-15 00:24:01,117: log_options() 'quotes_bg_opacity = 55'
INFO: 2021-12-15 00:24:01,117: log_options() 'quotes_change_enabled = False'
INFO: 2021-12-15 00:24:01,117: log_options() 'quotes_change_interval = 300'
INFO: 2021-12-15 00:24:01,117: log_options() 'quotes_disabled_sources = ['Urban Dictionary']'
INFO: 2021-12-15 00:24:01,117: log_options() 'quotes_enabled = False'
INFO: 2021-12-15 00:24:01,117: log_options() 'quotes_favorites_file = /home/v/.config/variety/favorite_quotes.txt'
INFO: 2021-12-15 00:24:01,117: log_options() 'quotes_font = Bitstream Charter 30'
INFO: 2021-12-15 00:24:01,118: log_options() 'quotes_hpos = 100'
INFO: 2021-12-15 00:24:01,118: log_options() 'quotes_max_length = 250'
INFO: 2021-12-15 00:24:01,118: log_options() 'quotes_tags = '
INFO: 2021-12-15 00:24:01,118: log_options() 'quotes_text_color = [255, 255, 255]'
INFO: 2021-12-15 00:24:01,118: log_options() 'quotes_text_shadow = False'
INFO: 2021-12-15 00:24:01,118: log_options() 'quotes_vpos = 40'
INFO: 2021-12-15 00:24:01,118: log_options() 'quotes_width = 70'
INFO: 2021-12-15 00:24:01,118: log_options() 'safe_mode = False'
INFO: 2021-12-15 00:24:01,118: log_options() 'slideshow_custom_enabled = False'
INFO: 2021-12-15 00:24:01,118: log_options() 'slideshow_custom_folder = /home/v/Pictures'
INFO: 2021-12-15 00:24:01,118: log_options() 'slideshow_downloads_enabled = False'
INFO: 2021-12-15 00:24:01,118: log_options() 'slideshow_fade = 0.4'
INFO: 2021-12-15 00:24:01,118: log_options() 'slideshow_favorites_enabled = True'
INFO: 2021-12-15 00:24:01,118: log_options() 'slideshow_mode = Fullscreen'
INFO: 2021-12-15 00:24:01,118: log_options() 'slideshow_monitor = All'
INFO: 2021-12-15 00:24:01,118: log_options() 'slideshow_pan = 0.05'
INFO: 2021-12-15 00:24:01,118: log_options() 'slideshow_seconds = 6.0'
INFO: 2021-12-15 00:24:01,118: log_options() 'slideshow_sort_order = Random'
INFO: 2021-12-15 00:24:01,118: log_options() 'slideshow_sources_enabled = True'
INFO: 2021-12-15 00:24:01,118: log_options() 'slideshow_zoom = 0.2'
INFO: 2021-12-15 00:24:01,118: log_options() 'smart_enabled = False'
INFO: 2021-12-15 00:24:01,118: log_options() 'smart_notice_shown = False'
INFO: 2021-12-15 00:24:01,118: log_options() 'smart_register_shown = False'
INFO: 2021-12-15 00:24:01,118: log_options() 'sources = [[True, 'favorites', 'The Favorites folder'], [False, 'fetched', 'The Fetched folder'], [False, 'folder', '/usr/share/backgrounds'], [False, 'flickr', 'user:www.flickr.com/photos/peter-levi/;user_id:93647178@N00;'], [False, 'apod', "NASA's Astronomy Picture of the Day"], [False, 'bing', 'Bing Photo of the Day'], [False, 'earthview', 'Google Earth View Wallpapers'], [False, 'unsplash', 'High-resolution photos from Unsplash.com'], [False, 'wallhaven', 'anime']]'
INFO: 2021-12-15 00:24:01,118: log_options() 'stats_enabled = True'
INFO: 2021-12-15 00:24:01,118: log_options() 'stats_notice_shown = False'
INFO: 2021-12-15 00:24:01,118: log_options() 'sync_enabled = True'
INFO: 2021-12-15 00:24:01,118: log_options() 'use_landscape_enabled = True'
INFO: 2021-12-15 00:24:01,118: reload_config() 'No need to clear prepared queue'
INFO: 2021-12-15 00:24:01,118: update_indicator() 'Setting file info to: /home/v/.config/variety/Favorites/wallhaven-q67z9d.jpg'
INFO: 2021-12-15 00:24:01,118: load_last_change_time() 'Change interval < 6 hours, ignore persisted last_change_time, wait initially the whole interval: 60'
INFO: 2021-12-15 00:24:01,118: update_indicator() 'Setting file info to: /home/v/.config/variety/Favorites/wallhaven-q67z9d.jpg'
INFO: 2021-12-15 00:24:01,119: regular_change_thread() 'regular_change thread running'
INFO: 2021-12-15 00:24:01,119: prepare_thread() 'Prepare thread running'
INFO: 2021-12-15 00:24:01,119: prepare_thread() 'Prepared buffer contains 0 images'
INFO: 2021-12-15 00:24:01,119: prepare_thread() 'Preparing some images'
INFO: 2021-12-15 00:24:01,120: update_indicator_icon() 'Creating indicator'
WARNING: 2021-12-15 00:24:01,129: create_menu() 'Variety Slideshow is not installed. This is an optional extension adding pan-and-zoom slideshows to Variety: see https://github.com/peterlevi/variety-slideshow for details'
INFO: 2021-12-15 00:24:01,130: create_indicator() 'indicator backend: AppIndicator3'
INFO: 2021-12-15 00:24:01,133: set_icon() 'Showing indicator icon image: /home/v/.config/variety/image.png'
INFO: 2021-12-15 00:24:01,137: prepare_thread() 'After search prepared buffer contains 26 images'
INFO: 2021-12-15 00:24:01,219: do_set_wp() 'Calling do_set_wp with /home/v/.config/variety/Favorites/wallhaven-q67z9d.jpg, time: 1639524241.2191617'
INFO: 2021-12-15 00:24:01,223: update_indicator() 'Setting file info to: /home/v/.config/variety/Favorites/wallhaven-q67z9d.jpg'
INFO: 2021-12-15 00:24:01,224: list_files() 'More than 1 files in the folders, stop listing'
INFO: 2021-12-15 00:24:02,887: reload() 'Reloading preferences dialog'
INFO: 2021-12-15 00:24:03,137: trigger_download() 'Triggering download thread to check if download needed'
INFO: 2021-12-15 00:24:21,138: server_options_thread() 'Fetching server options from http://tiny.cc/variety-options-063'
INFO: 2021-12-15 00:24:22,531: server_options_thread() 'Fetched server options: {'flickr': {'min_fill_queue_interval': 1200, 'min_download_interval': 1200}, 'wallbase': {'min_fill_queue_interval': 1800, 'min_download_interval': 1800}, 'wallhaven': {'min_fill_queue_interval': 1800, 'min_download_interval': 1800}, 'wallpapers.net': {'min_fill_queue_interval': 601, 'min_download_interval': 0}, 'unsplash': {'min_fill_queue_interval': 20000000000, 'min_download_interval': 20000000000}, 'unsplash_v2': {'min_fill_queue_interval': 2000, 'min_download_interval': 1200}, 'status_message': {'0.0.1': '', '*': ''}}'
INFO: 2021-12-15 00:25:01,118: regular_change_thread() 'regular_change changes wallpaper'
INFO: 2021-12-15 00:25:01,119: set_wallpaper() 'Calling set_wallpaper with /home/v/.config/variety/Favorites/wallhaven-g7mqkl.jpg'
INFO: 2021-12-15 00:25:01,119: do_set_wp() 'Calling do_set_wp with /home/v/.config/variety/Favorites/wallhaven-g7mqkl.jpg, time: 1639524301.1192589'
INFO: 2021-12-15 00:25:01,119: prepare_thread() 'Prepared buffer contains 25 images'
INFO: 2021-12-15 00:25:01,123: update_indicator() 'Setting file info to: /home/v/.config/variety/Favorites/wallhaven-g7mqkl.jpg'
INFO: 2021-12-15 00:25:01,123: list_files() 'More than 1 files in the folders, stop listing'
INFO: 2021-12-15 00:25:03,119: trigger_download() 'Triggering download thread to check if download needed'
INFO: 2021-12-15 00:26:01,353: regular_change_thread() 'regular_change changes wallpaper'
INFO: 2021-12-15 00:26:01,353: set_wallpaper() 'Calling set_wallpaper with /home/v/.config/variety/Favorites/wallhaven-q67z9d.jpg'
INFO: 2021-12-15 00:26:01,353: prepare_thread() 'Prepared buffer contains 24 images'
INFO: 2021-12-15 00:26:01,353: do_set_wp() 'Calling do_set_wp with /home/v/.config/variety/Favorites/wallhaven-q67z9d.jpg, time: 1639524361.3537416'
INFO: 2021-12-15 00:26:01,357: update_indicator() 'Setting file info to: /home/v/.config/variety/Favorites/wallhaven-q67z9d.jpg'
INFO: 2021-12-15 00:26:01,357: list_files() 'More than 1 files in the folders, stop listing'
INFO: 2021-12-15 00:26:03,353: trigger_download() 'Triggering download thread to check if download needed'
INFO: 2021-12-15 00:27:01,425: regular_change_thread() 'regular_change changes wallpaper'
INFO: 2021-12-15 00:27:01,425: set_wallpaper() 'Calling set_wallpaper with /home/v/.config/variety/Favorites/wallhaven-8o3jdk.jpg'
INFO: 2021-12-15 00:27:01,425: prepare_thread() 'Prepared buffer contains 23 images'
INFO: 2021-12-15 00:27:01,426: do_set_wp() 'Calling do_set_wp with /home/v/.config/variety/Favorites/wallhaven-8o3jdk.jpg, time: 1639524421.4260027'
INFO: 2021-12-15 00:27:01,429: update_indicator() 'Setting file info to: /home/v/.config/variety/Favorites/wallhaven-8o3jdk.jpg'
INFO: 2021-12-15 00:27:01,429: list_files() 'More than 1 files in the folders, stop listing'
INFO: 2021-12-15 00:27:03,426: trigger_download() 'Triggering download thread to check if download needed'
INFO: 2021-12-15 00:28:01,549: regular_change_thread() 'regular_change changes wallpaper'
INFO: 2021-12-15 00:28:01,549: set_wallpaper() 'Calling set_wallpaper with /home/v/.config/variety/Favorites/wallhaven-wy3wj6.jpg'
INFO: 2021-12-15 00:28:01,550: prepare_thread() 'Prepared buffer contains 22 images'
INFO: 2021-12-15 00:28:01,550: do_set_wp() 'Calling do_set_wp with /home/v/.config/variety/Favorites/wallhaven-wy3wj6.jpg, time: 1639524481.55024'
INFO: 2021-12-15 00:28:01,553: update_indicator() 'Setting file info to: /home/v/.config/variety/Favorites/wallhaven-wy3wj6.jpg'
INFO: 2021-12-15 00:28:01,554: list_files() 'More than 1 files in the folders, stop listing'
INFO: 2021-12-15 00:28:03,550: trigger_download() 'Triggering download thread to check if download needed'
INFO: 2021-12-15 00:29:01,665: regular_change_thread() 'regular_change changes wallpaper'
INFO: 2021-12-15 00:29:01,665: set_wallpaper() 'Calling set_wallpaper with /home/v/.config/variety/Favorites/wallhaven-6omkp7.png'
INFO: 2021-12-15 00:29:01,665: prepare_thread() 'Prepared buffer contains 21 images'
INFO: 2021-12-15 00:29:01,665: do_set_wp() 'Calling do_set_wp with /home/v/.config/variety/Favorites/wallhaven-6omkp7.png, time: 1639524541.6657634'
INFO: 2021-12-15 00:29:01,669: update_indicator() 'Setting file info to: /home/v/.config/variety/Favorites/wallhaven-6omkp7.png'
INFO: 2021-12-15 00:29:01,676: list_files() 'More than 1 files in the folders, stop listing'
INFO: 2021-12-15 00:29:03,665: trigger_download() 'Triggering download thread to check if download needed'
INFO: 2021-12-15 00:30:01,790: regular_change_thread() 'regular_change changes wallpaper'
INFO: 2021-12-15 00:30:01,790: set_wallpaper() 'Calling set_wallpaper with /home/v/.config/variety/Favorites/wallhaven-01j7g0.jpg'
INFO: 2021-12-15 00:30:01,790: prepare_thread() 'Prepared buffer contains 20 images'
INFO: 2021-12-15 00:30:01,790: do_set_wp() 'Calling do_set_wp with /home/v/.config/variety/Favorites/wallhaven-01j7g0.jpg, time: 1639524601.7908716'
INFO: 2021-12-15 00:30:01,794: update_indicator() 'Setting file info to: /home/v/.config/variety/Favorites/wallhaven-01j7g0.jpg'
INFO: 2021-12-15 00:30:01,794: list_files() 'More than 1 files in the folders, stop listing'
INFO: 2021-12-15 00:30:03,790: trigger_download() 'Triggering download thread to check if download needed'
INFO: 2021-12-15 00:31:01,972: regular_change_thread() 'regular_change changes wallpaper'
INFO: 2021-12-15 00:31:01,972: set_wallpaper() 'Calling set_wallpaper with /home/v/.config/variety/Favorites/wallhaven-wq5m1r.jpg'
INFO: 2021-12-15 00:31:01,972: prepare_thread() 'Prepared buffer contains 19 images'
INFO: 2021-12-15 00:31:01,972: do_set_wp() 'Calling do_set_wp with /home/v/.config/variety/Favorites/wallhaven-wq5m1r.jpg, time: 1639524661.9724917'
INFO: 2021-12-15 00:31:01,976: update_indicator() 'Setting file info to: /home/v/.config/variety/Favorites/wallhaven-wq5m1r.jpg'
INFO: 2021-12-15 00:31:01,976: list_files() 'More than 1 files in the folders, stop listing'
INFO: 2021-12-15 00:31:03,972: trigger_download() 'Triggering download thread to check if download needed'
INFO: 2021-12-15 00:32:02,046: regular_change_thread() 'regular_change changes wallpaper'
INFO: 2021-12-15 00:32:02,047: set_wallpaper() 'Calling set_wallpaper with /home/v/.config/variety/Favorites/wallhaven-57kzd1.jpg'
INFO: 2021-12-15 00:32:02,047: prepare_thread() 'Prepared buffer contains 18 images'
INFO: 2021-12-15 00:32:02,047: do_set_wp() 'Calling do_set_wp with /home/v/.config/variety/Favorites/wallhaven-57kzd1.jpg, time: 1639524722.047294'
INFO: 2021-12-15 00:32:02,050: update_indicator() 'Setting file info to: /home/v/.config/variety/Favorites/wallhaven-57kzd1.jpg'
INFO: 2021-12-15 00:32:02,051: list_files() 'More than 1 files in the folders, stop listing'
INFO: 2021-12-15 00:32:04,047: trigger_download() 'Triggering download thread to check if download needed'
INFO: 2021-12-15 00:33:02,168: regular_change_thread() 'regular_change changes wallpaper'
INFO: 2021-12-15 00:33:02,168: set_wallpaper() 'Calling set_wallpaper with /home/v/.config/variety/Favorites/wallhaven-m9q6e9.jpg'
INFO: 2021-12-15 00:33:02,168: prepare_thread() 'Prepared buffer contains 17 images'
INFO: 2021-12-15 00:33:02,168: do_set_wp() 'Calling do_set_wp with /home/v/.config/variety/Favorites/wallhaven-m9q6e9.jpg, time: 1639524782.1684837'
INFO: 2021-12-15 00:33:02,172: update_indicator() 'Setting file info to: /home/v/.config/variety/Favorites/wallhaven-m9q6e9.jpg'
INFO: 2021-12-15 00:33:02,172: list_files() 'More than 1 files in the folders, stop listing'
INFO: 2021-12-15 00:33:04,168: trigger_download() 'Triggering download thread to check if download needed'
INFO: 2021-12-15 00:34:02,325: regular_change_thread() 'regular_change changes wallpaper'
INFO: 2021-12-15 00:34:02,325: set_wallpaper() 'Calling set_wallpaper with /home/v/.config/variety/Favorites/wallhaven-zmwv6o.jpg'
INFO: 2021-12-15 00:34:02,325: prepare_thread() 'Prepared buffer contains 16 images'
INFO: 2021-12-15 00:34:02,326: do_set_wp() 'Calling do_set_wp with /home/v/.config/variety/Favorites/wallhaven-zmwv6o.jpg, time: 1639524842.3261936'
INFO: 2021-12-15 00:34:02,329: update_indicator() 'Setting file info to: /home/v/.config/variety/Favorites/wallhaven-zmwv6o.jpg'
INFO: 2021-12-15 00:34:02,330: list_files() 'More than 1 files in the folders, stop listing'
INFO: 2021-12-15 00:34:04,326: trigger_download() 'Triggering download thread to check if download needed'
INFO: 2021-12-15 00:35:02,528: regular_change_thread() 'regular_change changes wallpaper'
INFO: 2021-12-15 00:35:02,528: set_wallpaper() 'Calling set_wallpaper with /home/v/.config/variety/Favorites/wallhaven-136x99.jpg'
INFO: 2021-12-15 00:35:02,528: prepare_thread() 'Prepared buffer contains 15 images'
INFO: 2021-12-15 00:35:02,528: do_set_wp() 'Calling do_set_wp with /home/v/.config/variety/Favorites/wallhaven-136x99.jpg, time: 1639524902.5288627'
INFO: 2021-12-15 00:35:02,532: update_indicator() 'Setting file info to: /home/v/.config/variety/Favorites/wallhaven-136x99.jpg'
INFO: 2021-12-15 00:35:02,532: list_files() 'More than 1 files in the folders, stop listing'
INFO: 2021-12-15 00:35:04,529: trigger_download() 'Triggering download thread to check if download needed'
INFO: 2021-12-15 00:36:02,610: regular_change_thread() 'regular_change changes wallpaper'
INFO: 2021-12-15 00:36:02,610: set_wallpaper() 'Calling set_wallpaper with /home/v/.config/variety/Favorites/wallhaven-y8qpqk.jpg'
INFO: 2021-12-15 00:36:02,610: prepare_thread() 'Prepared buffer contains 14 images'
INFO: 2021-12-15 00:36:02,611: do_set_wp() 'Calling do_set_wp with /home/v/.config/variety/Favorites/wallhaven-y8qpqk.jpg, time: 1639524962.611139'
INFO: 2021-12-15 00:36:02,614: update_indicator() 'Setting file info to: /home/v/.config/variety/Favorites/wallhaven-y8qpqk.jpg'
INFO: 2021-12-15 00:36:02,615: list_files() 'More than 1 files in the folders, stop listing'
INFO: 2021-12-15 00:36:04,611: trigger_download() 'Triggering download thread to check if download needed'
INFO: 2021-12-15 00:37:02,777: regular_change_thread() 'regular_change changes wallpaper'
INFO: 2021-12-15 00:37:02,777: set_wallpaper() 'Calling set_wallpaper with /home/v/.config/variety/Favorites/wallhaven-o31239.png'
INFO: 2021-12-15 00:37:02,777: prepare_thread() 'Prepared buffer contains 13 images'
INFO: 2021-12-15 00:37:02,778: do_set_wp() 'Calling do_set_wp with /home/v/.config/variety/Favorites/wallhaven-o31239.png, time: 1639525022.778071'
INFO: 2021-12-15 00:37:02,781: update_indicator() 'Setting file info to: /home/v/.config/variety/Favorites/wallhaven-o31239.png'
INFO: 2021-12-15 00:37:02,795: list_files() 'More than 1 files in the folders, stop listing'
INFO: 2021-12-15 00:37:04,778: trigger_download() 'Triggering download thread to check if download needed'
INFO: 2021-12-15 00:38:03,045: regular_change_thread() 'regular_change changes wallpaper'
INFO: 2021-12-15 00:38:03,045: set_wallpaper() 'Calling set_wallpaper with /home/v/.config/variety/Favorites/wallhaven-dgxmpg.jpg'
INFO: 2021-12-15 00:38:03,045: prepare_thread() 'Prepared buffer contains 12 images'
INFO: 2021-12-15 00:38:03,046: do_set_wp() 'Calling do_set_wp with /home/v/.config/variety/Favorites/wallhaven-dgxmpg.jpg, time: 1639525083.0460224'
INFO: 2021-12-15 00:38:03,049: update_indicator() 'Setting file info to: /home/v/.config/variety/Favorites/wallhaven-dgxmpg.jpg'
INFO: 2021-12-15 00:38:03,050: list_files() 'More than 1 files in the folders, stop listing'
INFO: 2021-12-15 00:38:05,046: trigger_download() 'Triggering download thread to check if download needed'
INFO: 2021-12-15 00:39:03,140: regular_change_thread() 'regular_change changes wallpaper'
INFO: 2021-12-15 00:39:03,140: set_wallpaper() 'Calling set_wallpaper with /home/v/.config/variety/Favorites/wallhaven-439594.jpg'
INFO: 2021-12-15 00:39:03,140: prepare_thread() 'Prepared buffer contains 11 images'
INFO: 2021-12-15 00:39:03,140: do_set_wp() 'Calling do_set_wp with /home/v/.config/variety/Favorites/wallhaven-439594.jpg, time: 1639525143.1405442'
INFO: 2021-12-15 00:39:03,144: update_indicator() 'Setting file info to: /home/v/.config/variety/Favorites/wallhaven-439594.jpg'
INFO: 2021-12-15 00:39:03,144: list_files() 'More than 1 files in the folders, stop listing'
INFO: 2021-12-15 00:39:05,140: trigger_download() 'Triggering download thread to check if download needed'
INFO: 2021-12-15 00:40:03,224: regular_change_thread() 'regular_change changes wallpaper'
INFO: 2021-12-15 00:40:03,224: set_wallpaper() 'Calling set_wallpaper with /home/v/.config/variety/Favorites/wallhaven-r29w2m.jpg'
INFO: 2021-12-15 00:40:03,224: prepare_thread() 'Prepared buffer contains 10 images'
INFO: 2021-12-15 00:40:03,224: prepare_thread() 'Preparing some images'
INFO: 2021-12-15 00:40:03,224: do_set_wp() 'Calling do_set_wp with /home/v/.config/variety/Favorites/wallhaven-r29w2m.jpg, time: 1639525203.2246585'
INFO: 2021-12-15 00:40:03,227: prepare_thread() 'After search prepared buffer contains 26 images'
INFO: 2021-12-15 00:40:03,228: update_indicator() 'Setting file info to: /home/v/.config/variety/Favorites/wallhaven-r29w2m.jpg'
INFO: 2021-12-15 00:40:03,229: list_files() 'More than 1 files in the folders, stop listing'
INFO: 2021-12-15 00:40:05,227: trigger_download() 'Triggering download thread to check if download needed'
INFO: 2021-12-15 00:41:03,331: regular_change_thread() 'regular_change changes wallpaper'
INFO: 2021-12-15 00:41:03,332: set_wallpaper() 'Calling set_wallpaper with /home/v/.config/variety/Favorites/wallhaven-dgxmpg.jpg'
INFO: 2021-12-15 00:41:03,332: prepare_thread() 'Prepared buffer contains 25 images'
INFO: 2021-12-15 00:41:03,332: do_set_wp() 'Calling do_set_wp with /home/v/.config/variety/Favorites/wallhaven-dgxmpg.jpg, time: 1639525263.3322787'
INFO: 2021-12-15 00:41:03,335: update_indicator() 'Setting file info to: /home/v/.config/variety/Favorites/wallhaven-dgxmpg.jpg'
INFO: 2021-12-15 00:41:03,336: list_files() 'More than 1 files in the folders, stop listing'
INFO: 2021-12-15 00:41:05,332: trigger_download() 'Triggering download thread to check if download needed'
INFO: 2021-12-15 00:42:03,414: regular_change_thread() 'regular_change changes wallpaper'
INFO: 2021-12-15 00:42:03,414: set_wallpaper() 'Calling set_wallpaper with /home/v/.config/variety/Favorites/wallhaven-o31239.png'
INFO: 2021-12-15 00:42:03,414: prepare_thread() 'Prepared buffer contains 24 images'
INFO: 2021-12-15 00:42:03,414: do_set_wp() 'Calling do_set_wp with /home/v/.config/variety/Favorites/wallhaven-o31239.png, time: 1639525323.414748'
INFO: 2021-12-15 00:42:03,418: update_indicator() 'Setting file info to: /home/v/.config/variety/Favorites/wallhaven-o31239.png'
INFO: 2021-12-15 00:42:03,421: list_files() 'More than 1 files in the folders, stop listing'
INFO: 2021-12-15 00:42:05,414: trigger_download() 'Triggering download thread to check if download needed'
INFO: 2021-12-15 00:43:03,658: regular_change_thread() 'regular_change changes wallpaper'
INFO: 2021-12-15 00:43:03,658: set_wallpaper() 'Calling set_wallpaper with /home/v/.config/variety/Favorites/wallhaven-l3koe2.jpg'
INFO: 2021-12-15 00:43:03,658: prepare_thread() 'Prepared buffer contains 23 images'
INFO: 2021-12-15 00:43:03,658: do_set_wp() 'Calling do_set_wp with /home/v/.config/variety/Favorites/wallhaven-l3koe2.jpg, time: 1639525383.658837'
INFO: 2021-12-15 00:43:03,662: update_indicator() 'Setting file info to: /home/v/.config/variety/Favorites/wallhaven-l3koe2.jpg'
INFO: 2021-12-15 00:43:03,662: list_files() 'More than 1 files in the folders, stop listing'
INFO: 2021-12-15 00:43:05,658: trigger_download() 'Triggering download thread to check if download needed'
INFO: 2021-12-15 00:44:03,808: regular_change_thread() 'regular_change changes wallpaper'
INFO: 2021-12-15 00:44:03,808: set_wallpaper() 'Calling set_wallpaper with /home/v/.config/variety/Favorites/wallhaven-427d6m.png'
INFO: 2021-12-15 00:44:03,808: prepare_thread() 'Prepared buffer contains 22 images'
INFO: 2021-12-15 00:44:03,808: do_set_wp() 'Calling do_set_wp with /home/v/.config/variety/Favorites/wallhaven-427d6m.png, time: 1639525443.8085775'
INFO: 2021-12-15 00:44:03,812: update_indicator() 'Setting file info to: /home/v/.config/variety/Favorites/wallhaven-427d6m.png'
INFO: 2021-12-15 00:44:03,818: list_files() 'More than 1 files in the folders, stop listing'
INFO: 2021-12-15 00:44:05,808: trigger_download() 'Triggering download thread to check if download needed'
INFO: 2021-12-15 00:45:04,029: regular_change_thread() 'regular_change changes wallpaper'
INFO: 2021-12-15 00:45:04,029: set_wallpaper() 'Calling set_wallpaper with /home/v/.config/variety/Favorites/wallhaven-8o3jdk.jpg'
INFO: 2021-12-15 00:45:04,029: prepare_thread() 'Prepared buffer contains 21 images'
INFO: 2021-12-15 00:45:04,029: do_set_wp() 'Calling do_set_wp with /home/v/.config/variety/Favorites/wallhaven-8o3jdk.jpg, time: 1639525504.029983'
INFO: 2021-12-15 00:45:04,033: update_indicator() 'Setting file info to: /home/v/.config/variety/Favorites/wallhaven-8o3jdk.jpg'
INFO: 2021-12-15 00:45:04,034: list_files() 'More than 1 files in the folders, stop listing'
INFO: 2021-12-15 00:45:06,030: trigger_download() 'Triggering download thread to check if download needed'
INFO: 2021-12-15 00:46:04,149: regular_change_thread() 'regular_change changes wallpaper'
INFO: 2021-12-15 00:46:04,149: set_wallpaper() 'Calling set_wallpaper with /home/v/.config/variety/Favorites/wallhaven-r29w2m.jpg'
INFO: 2021-12-15 00:46:04,149: prepare_thread() 'Prepared buffer contains 20 images'
INFO: 2021-12-15 00:46:04,158: do_set_wp() 'Calling do_set_wp with /home/v/.config/variety/Favorites/wallhaven-r29w2m.jpg, time: 1639525564.1581354'
INFO: 2021-12-15 00:46:04,161: update_indicator() 'Setting file info to: /home/v/.config/variety/Favorites/wallhaven-r29w2m.jpg'
INFO: 2021-12-15 00:46:04,162: list_files() 'More than 1 files in the folders, stop listing'
INFO: 2021-12-15 00:46:06,158: trigger_download() 'Triggering download thread to check if download needed'
INFO: 2021-12-15 00:47:04,277: regular_change_thread() 'regular_change changes wallpaper'
INFO: 2021-12-15 00:47:04,277: set_wallpaper() 'Calling set_wallpaper with /home/v/.config/variety/Favorites/wallhaven-wy3wj6.jpg'
INFO: 2021-12-15 00:47:04,277: prepare_thread() 'Prepared buffer contains 19 images'
INFO: 2021-12-15 00:47:04,285: do_set_wp() 'Calling do_set_wp with /home/v/.config/variety/Favorites/wallhaven-wy3wj6.jpg, time: 1639525624.2858362'
INFO: 2021-12-15 00:47:04,289: update_indicator() 'Setting file info to: /home/v/.config/variety/Favorites/wallhaven-wy3wj6.jpg'
INFO: 2021-12-15 00:47:04,290: list_files() 'More than 1 files in the folders, stop listing'
INFO: 2021-12-15 00:47:06,285: trigger_download() 'Triggering download thread to check if download needed'
INFO: 2021-12-15 00:48:04,414: regular_change_thread() 'regular_change changes wallpaper'
INFO: 2021-12-15 00:48:04,414: set_wallpaper() 'Calling set_wallpaper with /home/v/.config/variety/Favorites/wallhaven-q67z9d.jpg'
INFO: 2021-12-15 00:48:04,414: prepare_thread() 'Prepared buffer contains 18 images'
INFO: 2021-12-15 00:48:04,414: do_set_wp() 'Calling do_set_wp with /home/v/.config/variety/Favorites/wallhaven-q67z9d.jpg, time: 1639525684.4149122'
INFO: 2021-12-15 00:48:04,418: update_indicator() 'Setting file info to: /home/v/.config/variety/Favorites/wallhaven-q67z9d.jpg'
INFO: 2021-12-15 00:48:04,419: list_files() 'More than 1 files in the folders, stop listing'
INFO: 2021-12-15 00:48:06,414: trigger_download() 'Triggering download thread to check if download needed'
INFO: 2021-12-15 00:49:04,501: regular_change_thread() 'regular_change changes wallpaper'
INFO: 2021-12-15 00:49:04,501: set_wallpaper() 'Calling set_wallpaper with /home/v/.config/variety/Favorites/wallhaven-o333pp.jpg'
INFO: 2021-12-15 00:49:04,501: prepare_thread() 'Prepared buffer contains 17 images'
INFO: 2021-12-15 00:49:04,509: do_set_wp() 'Calling do_set_wp with /home/v/.config/variety/Favorites/wallhaven-o333pp.jpg, time: 1639525744.509787'
INFO: 2021-12-15 00:49:04,513: update_indicator() 'Setting file info to: /home/v/.config/variety/Favorites/wallhaven-o333pp.jpg'
INFO: 2021-12-15 00:49:04,514: list_files() 'More than 1 files in the folders, stop listing'
INFO: 2021-12-15 00:49:06,509: trigger_download() 'Triggering download thread to check if download needed'
INFO: 2021-12-15 00:50:04,687: regular_change_thread() 'regular_change changes wallpaper'
INFO: 2021-12-15 00:50:04,687: set_wallpaper() 'Calling set_wallpaper with /home/v/.config/variety/Favorites/wallhaven-439594.jpg'
INFO: 2021-12-15 00:50:04,687: prepare_thread() 'Prepared buffer contains 16 images'
INFO: 2021-12-15 00:50:04,695: do_set_wp() 'Calling do_set_wp with /home/v/.config/variety/Favorites/wallhaven-439594.jpg, time: 1639525804.695565'
INFO: 2021-12-15 00:50:04,699: update_indicator() 'Setting file info to: /home/v/.config/variety/Favorites/wallhaven-439594.jpg'
INFO: 2021-12-15 00:50:04,699: list_files() 'More than 1 files in the folders, stop listing'
INFO: 2021-12-15 00:50:06,695: trigger_download() 'Triggering download thread to check if download needed'
INFO: 2021-12-15 00:51:04,776: regular_change_thread() 'regular_change changes wallpaper'
INFO: 2021-12-15 00:51:04,777: set_wallpaper() 'Calling set_wallpaper with /home/v/.config/variety/Favorites/wallhaven-wq5m1r.jpg'
INFO: 2021-12-15 00:51:04,777: prepare_thread() 'Prepared buffer contains 15 images'
INFO: 2021-12-15 00:51:04,777: do_set_wp() 'Calling do_set_wp with /home/v/.config/variety/Favorites/wallhaven-wq5m1r.jpg, time: 1639525864.7773566'
INFO: 2021-12-15 00:51:04,780: update_indicator() 'Setting file info to: /home/v/.config/variety/Favorites/wallhaven-wq5m1r.jpg'
INFO: 2021-12-15 00:51:04,781: list_files() 'More than 1 files in the folders, stop listing'
INFO: 2021-12-15 00:51:06,777: trigger_download() 'Triggering download thread to check if download needed'
INFO: 2021-12-15 00:52:04,884: regular_change_thread() 'regular_change changes wallpaper'
INFO: 2021-12-15 00:52:04,884: set_wallpaper() 'Calling set_wallpaper with /home/v/.config/variety/Favorites/wallhaven-m9q6e9.jpg'
INFO: 2021-12-15 00:52:04,884: prepare_thread() 'Prepared buffer contains 14 images'
INFO: 2021-12-15 00:52:04,884: do_set_wp() 'Calling do_set_wp with /home/v/.config/variety/Favorites/wallhaven-m9q6e9.jpg, time: 1639525924.8849432'
INFO: 2021-12-15 00:52:04,888: update_indicator() 'Setting file info to: /home/v/.config/variety/Favorites/wallhaven-m9q6e9.jpg'
INFO: 2021-12-15 00:52:04,888: list_files() 'More than 1 files in the folders, stop listing'
INFO: 2021-12-15 00:52:06,884: trigger_download() 'Triggering download thread to check if download needed'
INFO: 2021-12-15 00:53:05,025: regular_change_thread() 'regular_change changes wallpaper'
INFO: 2021-12-15 00:53:05,025: set_wallpaper() 'Calling set_wallpaper with /home/v/.config/variety/Favorites/wallhaven-y8qpqk.jpg'
INFO: 2021-12-15 00:53:05,025: prepare_thread() 'Prepared buffer contains 13 images'
INFO: 2021-12-15 00:53:05,026: do_set_wp() 'Calling do_set_wp with /home/v/.config/variety/Favorites/wallhaven-y8qpqk.jpg, time: 1639525985.0260103'
INFO: 2021-12-15 00:53:05,029: update_indicator() 'Setting file info to: /home/v/.config/variety/Favorites/wallhaven-y8qpqk.jpg'
INFO: 2021-12-15 00:53:05,030: list_files() 'More than 1 files in the folders, stop listing'
INFO: 2021-12-15 00:53:07,026: trigger_download() 'Triggering download thread to check if download needed'
INFO: 2021-12-15 00:54:05,187: regular_change_thread() 'regular_change changes wallpaper'
INFO: 2021-12-15 00:54:05,187: set_wallpaper() 'Calling set_wallpaper with /home/v/.config/variety/Favorites/wallhaven-xloqgv.png'
INFO: 2021-12-15 00:54:05,187: prepare_thread() 'Prepared buffer contains 12 images'
INFO: 2021-12-15 00:54:05,187: do_set_wp() 'Calling do_set_wp with /home/v/.config/variety/Favorites/wallhaven-xloqgv.png, time: 1639526045.1875525'
INFO: 2021-12-15 00:54:05,191: update_indicator() 'Setting file info to: /home/v/.config/variety/Favorites/wallhaven-xloqgv.png'
INFO: 2021-12-15 00:54:05,196: list_files() 'More than 1 files in the folders, stop listing'
INFO: 2021-12-15 00:54:07,187: trigger_download() 'Triggering download thread to check if download needed'
INFO: 2021-12-15 00:55:05,477: regular_change_thread() 'regular_change changes wallpaper'
INFO: 2021-12-15 00:55:05,477: set_wallpaper() 'Calling set_wallpaper with /home/v/.config/variety/Favorites/wallhaven-zmwv6o.jpg'
INFO: 2021-12-15 00:55:05,477: prepare_thread() 'Prepared buffer contains 11 images'
INFO: 2021-12-15 00:55:05,478: do_set_wp() 'Calling do_set_wp with /home/v/.config/variety/Favorites/wallhaven-zmwv6o.jpg, time: 1639526105.47815'
INFO: 2021-12-15 00:55:05,481: update_indicator() 'Setting file info to: /home/v/.config/variety/Favorites/wallhaven-zmwv6o.jpg'
INFO: 2021-12-15 00:55:05,482: list_files() 'More than 1 files in the folders, stop listing'
INFO: 2021-12-15 00:55:07,478: trigger_download() 'Triggering download thread to check if download needed'
INFO: 2021-12-15 00:56:05,700: regular_change_thread() 'regular_change changes wallpaper'
INFO: 2021-12-15 00:56:05,701: set_wallpaper() 'Calling set_wallpaper with /home/v/.config/variety/Favorites/wallhaven-8ogjjj.png'
INFO: 2021-12-15 00:56:05,701: prepare_thread() 'Prepared buffer contains 10 images'
INFO: 2021-12-15 00:56:05,701: prepare_thread() 'Preparing some images'
INFO: 2021-12-15 00:56:05,701: do_set_wp() 'Calling do_set_wp with /home/v/.config/variety/Favorites/wallhaven-8ogjjj.png, time: 1639526165.7012618'
INFO: 2021-12-15 00:56:05,703: prepare_thread() 'After search prepared buffer contains 26 images'
INFO: 2021-12-15 00:56:05,705: update_indicator() 'Setting file info to: /home/v/.config/variety/Favorites/wallhaven-8ogjjj.png'
INFO: 2021-12-15 00:56:05,737: list_files() 'More than 1 files in the folders, stop listing'
INFO: 2021-12-15 00:56:07,703: trigger_download() 'Triggering download thread to check if download needed'
INFO: 2021-12-15 00:57:06,070: regular_change_thread() 'regular_change changes wallpaper'
INFO: 2021-12-15 00:57:06,070: set_wallpaper() 'Calling set_wallpaper with /home/v/.config/variety/Favorites/wallhaven-427d6m.png'
INFO: 2021-12-15 00:57:06,070: prepare_thread() 'Prepared buffer contains 25 images'
INFO: 2021-12-15 00:57:06,070: do_set_wp() 'Calling do_set_wp with /home/v/.config/variety/Favorites/wallhaven-427d6m.png, time: 1639526226.0703619'
INFO: 2021-12-15 00:57:06,073: update_indicator() 'Setting file info to: /home/v/.config/variety/Favorites/wallhaven-427d6m.png'
INFO: 2021-12-15 00:57:06,074: list_files() 'More than 1 files in the folders, stop listing'
INFO: 2021-12-15 00:57:08,070: trigger_download() 'Triggering download thread to check if download needed'
INFO: 2021-12-15 00:58:06,281: regular_change_thread() 'regular_change changes wallpaper'
INFO: 2021-12-15 00:58:06,281: set_wallpaper() 'Calling set_wallpaper with /home/v/.config/variety/Favorites/wallhaven-g7mqkl.jpg'
INFO: 2021-12-15 00:58:06,281: prepare_thread() 'Prepared buffer contains 24 images'
INFO: 2021-12-15 00:58:06,281: do_set_wp() 'Calling do_set_wp with /home/v/.config/variety/Favorites/wallhaven-g7mqkl.jpg, time: 1639526286.2817564'
INFO: 2021-12-15 00:58:06,285: update_indicator() 'Setting file info to: /home/v/.config/variety/Favorites/wallhaven-g7mqkl.jpg'
INFO: 2021-12-15 00:58:06,285: list_files() 'More than 1 files in the folders, stop listing'
INFO: 2021-12-15 00:58:08,281: trigger_download() 'Triggering download thread to check if download needed'
INFO: 2021-12-15 00:59:06,508: regular_change_thread() 'regular_change changes wallpaper'
INFO: 2021-12-15 00:59:06,508: set_wallpaper() 'Calling set_wallpaper with /home/v/.config/variety/Favorites/wallhaven-g8gx1l.png'
INFO: 2021-12-15 00:59:06,508: prepare_thread() 'Prepared buffer contains 23 images'
INFO: 2021-12-15 00:59:06,508: do_set_wp() 'Calling do_set_wp with /home/v/.config/variety/Favorites/wallhaven-g8gx1l.png, time: 1639526346.5085516'
INFO: 2021-12-15 00:59:06,511: update_indicator() 'Setting file info to: /home/v/.config/variety/Favorites/wallhaven-g8gx1l.png'
INFO: 2021-12-15 00:59:06,519: list_files() 'More than 1 files in the folders, stop listing'
INFO: 2021-12-15 00:59:08,508: trigger_download() 'Triggering download thread to check if download needed'
INFO: 2021-12-15 01:00:06,767: regular_change_thread() 'regular_change changes wallpaper'
INFO: 2021-12-15 01:00:06,767: set_wallpaper() 'Calling set_wallpaper with /home/v/.config/variety/Favorites/wallhaven-57kzd1.jpg'
INFO: 2021-12-15 01:00:06,767: prepare_thread() 'Prepared buffer contains 22 images'
INFO: 2021-12-15 01:00:06,767: do_set_wp() 'Calling do_set_wp with /home/v/.config/variety/Favorites/wallhaven-57kzd1.jpg, time: 1639526406.767377'
INFO: 2021-12-15 01:00:06,770: update_indicator() 'Setting file info to: /home/v/.config/variety/Favorites/wallhaven-57kzd1.jpg'
INFO: 2021-12-15 01:00:06,771: list_files() 'More than 1 files in the folders, stop listing'
INFO: 2021-12-15 01:00:08,767: trigger_download() 'Triggering download thread to check if download needed'
INFO: 2021-12-15 01:01:06,874: regular_change_thread() 'regular_change changes wallpaper'
INFO: 2021-12-15 01:01:06,874: set_wallpaper() 'Calling set_wallpaper with /home/v/.config/variety/Favorites/wallhaven-01j7g0.jpg'
INFO: 2021-12-15 01:01:06,874: prepare_thread() 'Prepared buffer contains 21 images'
INFO: 2021-12-15 01:01:06,874: do_set_wp() 'Calling do_set_wp with /home/v/.config/variety/Favorites/wallhaven-01j7g0.jpg, time: 1639526466.8745494'
INFO: 2021-12-15 01:01:06,877: update_indicator() 'Setting file info to: /home/v/.config/variety/Favorites/wallhaven-01j7g0.jpg'
INFO: 2021-12-15 01:01:06,878: list_files() 'More than 1 files in the folders, stop listing'
INFO: 2021-12-15 01:01:08,874: trigger_download() 'Triggering download thread to check if download needed'
INFO: 2021-12-15 01:02:07,043: regular_change_thread() 'regular_change changes wallpaper'
INFO: 2021-12-15 01:02:07,043: set_wallpaper() 'Calling set_wallpaper with /home/v/.config/variety/Favorites/wallhaven-6omkp7.png'
INFO: 2021-12-15 01:02:07,043: prepare_thread() 'Prepared buffer contains 20 images'
INFO: 2021-12-15 01:02:07,043: do_set_wp() 'Calling do_set_wp with /home/v/.config/variety/Favorites/wallhaven-6omkp7.png, time: 1639526527.043884'
INFO: 2021-12-15 01:02:07,047: update_indicator() 'Setting file info to: /home/v/.config/variety/Favorites/wallhaven-6omkp7.png'
INFO: 2021-12-15 01:02:07,048: list_files() 'More than 1 files in the folders, stop listing'
INFO: 2021-12-15 01:02:09,043: trigger_download() 'Triggering download thread to check if download needed'
INFO: 2021-12-15 01:03:07,139: regular_change_thread() 'regular_change changes wallpaper'
INFO: 2021-12-15 01:03:07,139: set_wallpaper() 'Calling set_wallpaper with /home/v/.config/variety/Favorites/wallhaven-q67z9d.jpg'
INFO: 2021-12-15 01:03:07,139: prepare_thread() 'Prepared buffer contains 19 images'
INFO: 2021-12-15 01:03:07,139: do_set_wp() 'Calling do_set_wp with /home/v/.config/variety/Favorites/wallhaven-q67z9d.jpg, time: 1639526587.139832'
INFO: 2021-12-15 01:03:07,143: update_indicator() 'Setting file info to: /home/v/.config/variety/Favorites/wallhaven-q67z9d.jpg'
INFO: 2021-12-15 01:03:07,143: list_files() 'More than 1 files in the folders, stop listing'
INFO: 2021-12-15 01:03:09,140: trigger_download() 'Triggering download thread to check if download needed'
INFO: 2021-12-15 01:04:07,206: regular_change_thread() 'regular_change changes wallpaper'
INFO: 2021-12-15 01:04:07,206: set_wallpaper() 'Calling set_wallpaper with /home/v/.config/variety/Favorites/wallhaven-dgxmpg.jpg'
INFO: 2021-12-15 01:04:07,206: prepare_thread() 'Prepared buffer contains 18 images'
INFO: 2021-12-15 01:04:07,206: do_set_wp() 'Calling do_set_wp with /home/v/.config/variety/Favorites/wallhaven-dgxmpg.jpg, time: 1639526647.20671'
INFO: 2021-12-15 01:04:07,210: update_indicator() 'Setting file info to: /home/v/.config/variety/Favorites/wallhaven-dgxmpg.jpg'
INFO: 2021-12-15 01:04:07,210: list_files() 'More than 1 files in the folders, stop listing'
INFO: 2021-12-15 01:04:09,206: trigger_download() 'Triggering download thread to check if download needed'
INFO: 2021-12-15 01:05:07,285: regular_change_thread() 'regular_change changes wallpaper'
INFO: 2021-12-15 01:05:07,285: set_wallpaper() 'Calling set_wallpaper with /home/v/.config/variety/Favorites/wallhaven-o31239.png'
INFO: 2021-12-15 01:05:07,285: prepare_thread() 'Prepared buffer contains 17 images'
INFO: 2021-12-15 01:05:07,285: do_set_wp() 'Calling do_set_wp with /home/v/.config/variety/Favorites/wallhaven-o31239.png, time: 1639526707.2859159'
INFO: 2021-12-15 01:05:07,289: update_indicator() 'Setting file info to: /home/v/.config/variety/Favorites/wallhaven-o31239.png'
INFO: 2021-12-15 01:05:07,291: list_files() 'More than 1 files in the folders, stop listing'
INFO: 2021-12-15 01:05:09,285: trigger_download() 'Triggering download thread to check if download needed'
INFO: 2021-12-15 01:06:07,508: regular_change_thread() 'regular_change changes wallpaper'
INFO: 2021-12-15 01:06:07,508: set_wallpaper() 'Calling set_wallpaper with /home/v/.config/variety/Favorites/wallhaven-wq59dx.jpg'
INFO: 2021-12-15 01:06:07,508: prepare_thread() 'Prepared buffer contains 16 images'
INFO: 2021-12-15 01:06:07,508: do_set_wp() 'Calling do_set_wp with /home/v/.config/variety/Favorites/wallhaven-wq59dx.jpg, time: 1639526767.5085363'
INFO: 2021-12-15 01:06:07,512: update_indicator() 'Setting file info to: /home/v/.config/variety/Favorites/wallhaven-wq59dx.jpg'
INFO: 2021-12-15 01:06:07,512: list_files() 'More than 1 files in the folders, stop listing'
INFO: 2021-12-15 01:06:09,508: trigger_download() 'Triggering download thread to check if download needed'
INFO: 2021-12-15 01:07:07,637: regular_change_thread() 'regular_change changes wallpaper'
INFO: 2021-12-15 01:07:07,637: set_wallpaper() 'Calling set_wallpaper with /home/v/.config/variety/Favorites/wallhaven-96qwed.jpg'
INFO: 2021-12-15 01:07:07,637: prepare_thread() 'Prepared buffer contains 15 images'
INFO: 2021-12-15 01:07:07,638: do_set_wp() 'Calling do_set_wp with /home/v/.config/variety/Favorites/wallhaven-96qwed.jpg, time: 1639526827.63816'
INFO: 2021-12-15 01:07:07,641: update_indicator() 'Setting file info to: /home/v/.config/variety/Favorites/wallhaven-96qwed.jpg'
INFO: 2021-12-15 01:07:07,642: list_files() 'More than 1 files in the folders, stop listing'
INFO: 2021-12-15 01:07:09,638: trigger_download() 'Triggering download thread to check if download needed'
INFO: 2021-12-15 01:08:07,872: regular_change_thread() 'regular_change changes wallpaper'
INFO: 2021-12-15 01:08:07,872: set_wallpaper() 'Calling set_wallpaper with /home/v/.config/variety/Favorites/wallhaven-6owrgl.jpg'
INFO: 2021-12-15 01:08:07,872: prepare_thread() 'Prepared buffer contains 14 images'
INFO: 2021-12-15 01:08:07,872: do_set_wp() 'Calling do_set_wp with /home/v/.config/variety/Favorites/wallhaven-6owrgl.jpg, time: 1639526887.8729932'
INFO: 2021-12-15 01:08:07,876: update_indicator() 'Setting file info to: /home/v/.config/variety/Favorites/wallhaven-6owrgl.jpg'
INFO: 2021-12-15 01:08:07,876: list_files() 'More than 1 files in the folders, stop listing'
INFO: 2021-12-15 01:08:09,873: trigger_download() 'Triggering download thread to check if download needed'
INFO: 2021-12-15 01:09:08,030: regular_change_thread() 'regular_change changes wallpaper'
INFO: 2021-12-15 01:09:08,030: set_wallpaper() 'Calling set_wallpaper with /home/v/.config/variety/Favorites/wallhaven-wy3wj6.jpg'
INFO: 2021-12-15 01:09:08,030: prepare_thread() 'Prepared buffer contains 13 images'
INFO: 2021-12-15 01:09:08,030: do_set_wp() 'Calling do_set_wp with /home/v/.config/variety/Favorites/wallhaven-wy3wj6.jpg, time: 1639526948.030406'
INFO: 2021-12-15 01:09:08,033: update_indicator() 'Setting file info to: /home/v/.config/variety/Favorites/wallhaven-wy3wj6.jpg'
INFO: 2021-12-15 01:09:08,034: list_files() 'More than 1 files in the folders, stop listing'
INFO: 2021-12-15 01:09:10,030: trigger_download() 'Triggering download thread to check if download needed'
INFO: 2021-12-15 01:10:08,151: regular_change_thread() 'regular_change changes wallpaper'
INFO: 2021-12-15 01:10:08,151: set_wallpaper() 'Calling set_wallpaper with /home/v/.config/variety/Favorites/wallhaven-xloqgv.png'
INFO: 2021-12-15 01:10:08,151: prepare_thread() 'Prepared buffer contains 12 images'
INFO: 2021-12-15 01:10:08,151: do_set_wp() 'Calling do_set_wp with /home/v/.config/variety/Favorites/wallhaven-xloqgv.png, time: 1639527008.151936'
INFO: 2021-12-15 01:10:08,155: update_indicator() 'Setting file info to: /home/v/.config/variety/Favorites/wallhaven-xloqgv.png'
INFO: 2021-12-15 01:10:08,155: list_files() 'More than 1 files in the folders, stop listing'
INFO: 2021-12-15 01:10:10,151: trigger_download() 'Triggering download thread to check if download needed'
INFO: 2021-12-15 01:11:08,421: regular_change_thread() 'regular_change changes wallpaper'
INFO: 2021-12-15 01:11:08,422: set_wallpaper() 'Calling set_wallpaper with /home/v/.config/variety/Favorites/wallhaven-r29w2m.jpg'
INFO: 2021-12-15 01:11:08,422: prepare_thread() 'Prepared buffer contains 11 images'
INFO: 2021-12-15 01:11:08,422: do_set_wp() 'Calling do_set_wp with /home/v/.config/variety/Favorites/wallhaven-r29w2m.jpg, time: 1639527068.4223132'
INFO: 2021-12-15 01:11:08,425: update_indicator() 'Setting file info to: /home/v/.config/variety/Favorites/wallhaven-r29w2m.jpg'
INFO: 2021-12-15 01:11:08,426: list_files() 'More than 1 files in the folders, stop listing'
INFO: 2021-12-15 01:11:10,422: trigger_download() 'Triggering download thread to check if download needed'
INFO: 2021-12-15 01:12:08,527: regular_change_thread() 'regular_change changes wallpaper'
INFO: 2021-12-15 01:12:08,527: set_wallpaper() 'Calling set_wallpaper with /home/v/.config/variety/Favorites/wallhaven-o333pp.jpg'
INFO: 2021-12-15 01:12:08,527: prepare_thread() 'Prepared buffer contains 10 images'
INFO: 2021-12-15 01:12:08,527: prepare_thread() 'Preparing some images'
INFO: 2021-12-15 01:12:08,527: do_set_wp() 'Calling do_set_wp with /home/v/.config/variety/Favorites/wallhaven-o333pp.jpg, time: 1639527128.5275345'
INFO: 2021-12-15 01:12:08,530: prepare_thread() 'After search prepared buffer contains 26 images'
INFO: 2021-12-15 01:12:08,531: update_indicator() 'Setting file info to: /home/v/.config/variety/Favorites/wallhaven-o333pp.jpg'
INFO: 2021-12-15 01:12:08,531: list_files() 'More than 1 files in the folders, stop listing'
INFO: 2021-12-15 01:12:10,530: trigger_download() 'Triggering download thread to check if download needed'
INFO: 2021-12-15 01:13:08,678: regular_change_thread() 'regular_change changes wallpaper'
INFO: 2021-12-15 01:13:08,678: set_wallpaper() 'Calling set_wallpaper with /home/v/.config/variety/Favorites/wallhaven-6omkp7.png'
INFO: 2021-12-15 01:13:08,678: prepare_thread() 'Prepared buffer contains 25 images'
INFO: 2021-12-15 01:13:08,679: do_set_wp() 'Calling do_set_wp with /home/v/.config/variety/Favorites/wallhaven-6omkp7.png, time: 1639527188.6791434'
INFO: 2021-12-15 01:13:08,682: update_indicator() 'Setting file info to: /home/v/.config/variety/Favorites/wallhaven-6omkp7.png'
INFO: 2021-12-15 01:13:08,683: list_files() 'More than 1 files in the folders, stop listing'
INFO: 2021-12-15 01:13:10,679: trigger_download() 'Triggering download thread to check if download needed'
INFO: 2021-12-15 01:14:08,763: regular_change_thread() 'regular_change changes wallpaper'
INFO: 2021-12-15 01:14:08,763: set_wallpaper() 'Calling set_wallpaper with /home/v/.config/variety/Favorites/wallhaven-q67z9d.jpg'
INFO: 2021-12-15 01:14:08,763: prepare_thread() 'Prepared buffer contains 24 images'
INFO: 2021-12-15 01:14:08,763: do_set_wp() 'Calling do_set_wp with /home/v/.config/variety/Favorites/wallhaven-q67z9d.jpg, time: 1639527248.7635887'
INFO: 2021-12-15 01:14:08,767: update_indicator() 'Setting file info to: /home/v/.config/variety/Favorites/wallhaven-q67z9d.jpg'
INFO: 2021-12-15 01:14:08,767: list_files() 'More than 1 files in the folders, stop listing'
INFO: 2021-12-15 01:14:10,763: trigger_download() 'Triggering download thread to check if download needed'
INFO: 2021-12-15 01:15:08,830: regular_change_thread() 'regular_change changes wallpaper'
INFO: 2021-12-15 01:15:08,830: set_wallpaper() 'Calling set_wallpaper with /home/v/.config/variety/Favorites/wallhaven-o31239.png'
INFO: 2021-12-15 01:15:08,830: do_set_wp() 'Calling do_set_wp with /home/v/.config/variety/Favorites/wallhaven-o31239.png, time: 1639527308.8308163'
INFO: 2021-12-15 01:15:08,830: prepare_thread() 'Prepared buffer contains 23 images'
INFO: 2021-12-15 01:15:08,834: update_indicator() 'Setting file info to: /home/v/.config/variety/Favorites/wallhaven-o31239.png'
INFO: 2021-12-15 01:15:08,836: list_files() 'More than 1 files in the folders, stop listing'
INFO: 2021-12-15 01:15:10,831: trigger_download() 'Triggering download thread to check if download needed'
INFO: 2021-12-15 01:16:09,061: regular_change_thread() 'regular_change changes wallpaper'
INFO: 2021-12-15 01:16:09,061: set_wallpaper() 'Calling set_wallpaper with /home/v/.config/variety/Favorites/wallhaven-96qwed.jpg'
INFO: 2021-12-15 01:16:09,061: prepare_thread() 'Prepared buffer contains 22 images'
INFO: 2021-12-15 01:16:09,061: do_set_wp() 'Calling do_set_wp with /home/v/.config/variety/Favorites/wallhaven-96qwed.jpg, time: 1639527369.0618572'
INFO: 2021-12-15 01:16:09,065: update_indicator() 'Setting file info to: /home/v/.config/variety/Favorites/wallhaven-96qwed.jpg'
INFO: 2021-12-15 01:16:09,065: list_files() 'More than 1 files in the folders, stop listing'
INFO: 2021-12-15 01:16:11,061: trigger_download() 'Triggering download thread to check if download needed'
INFO: 2021-12-15 01:17:09,281: regular_change_thread() 'regular_change changes wallpaper'
INFO: 2021-12-15 01:17:09,281: set_wallpaper() 'Calling set_wallpaper with /home/v/.config/variety/Favorites/wallhaven-439594.jpg'
INFO: 2021-12-15 01:17:09,281: prepare_thread() 'Prepared buffer contains 21 images'
INFO: 2021-12-15 01:17:09,281: do_set_wp() 'Calling do_set_wp with /home/v/.config/variety/Favorites/wallhaven-439594.jpg, time: 1639527429.281844'
INFO: 2021-12-15 01:17:09,285: update_indicator() 'Setting file info to: /home/v/.config/variety/Favorites/wallhaven-439594.jpg'
INFO: 2021-12-15 01:17:09,286: list_files() 'More than 1 files in the folders, stop listing'
INFO: 2021-12-15 01:17:11,281: trigger_download() 'Triggering download thread to check if download needed'
INFO: 2021-12-15 01:18:09,364: regular_change_thread() 'regular_change changes wallpaper'
INFO: 2021-12-15 01:18:09,364: set_wallpaper() 'Calling set_wallpaper with /home/v/.config/variety/Favorites/wallhaven-m9q6e9.jpg'
INFO: 2021-12-15 01:18:09,364: prepare_thread() 'Prepared buffer contains 20 images'
INFO: 2021-12-15 01:18:09,364: do_set_wp() 'Calling do_set_wp with /home/v/.config/variety/Favorites/wallhaven-m9q6e9.jpg, time: 1639527489.3647091'
INFO: 2021-12-15 01:18:09,368: update_indicator() 'Setting file info to: /home/v/.config/variety/Favorites/wallhaven-m9q6e9.jpg'
INFO: 2021-12-15 01:18:09,368: list_files() 'More than 1 files in the folders, stop listing'
INFO: 2021-12-15 01:18:11,364: trigger_download() 'Triggering download thread to check if download needed'
INFO: 2021-12-15 01:19:09,505: regular_change_thread() 'regular_change changes wallpaper'
INFO: 2021-12-15 01:19:09,505: set_wallpaper() 'Calling set_wallpaper with /home/v/.config/variety/Favorites/wallhaven-g8gx1l.png'
INFO: 2021-12-15 01:19:09,505: prepare_thread() 'Prepared buffer contains 19 images'
INFO: 2021-12-15 01:19:09,505: do_set_wp() 'Calling do_set_wp with /home/v/.config/variety/Favorites/wallhaven-g8gx1l.png, time: 1639527549.5055761'
INFO: 2021-12-15 01:19:09,509: update_indicator() 'Setting file info to: /home/v/.config/variety/Favorites/wallhaven-g8gx1l.png'
INFO: 2021-12-15 01:19:09,509: list_files() 'More than 1 files in the folders, stop listing'
INFO: 2021-12-15 01:19:11,505: trigger_download() 'Triggering download thread to check if download needed'
INFO: 2021-12-15 01:20:09,750: regular_change_thread() 'regular_change changes wallpaper'
INFO: 2021-12-15 01:20:09,750: set_wallpaper() 'Calling set_wallpaper with /home/v/.config/variety/Favorites/wallhaven-8ogjjj.png'
INFO: 2021-12-15 01:20:09,750: prepare_thread() 'Prepared buffer contains 18 images'
INFO: 2021-12-15 01:20:09,750: do_set_wp() 'Calling do_set_wp with /home/v/.config/variety/Favorites/wallhaven-8ogjjj.png, time: 1639527609.750501'
INFO: 2021-12-15 01:20:09,753: update_indicator() 'Setting file info to: /home/v/.config/variety/Favorites/wallhaven-8ogjjj.png'
INFO: 2021-12-15 01:20:09,754: list_files() 'More than 1 files in the folders, stop listing'
INFO: 2021-12-15 01:20:11,750: trigger_download() 'Triggering download thread to check if download needed'
INFO: 2021-12-15 01:21:10,055: regular_change_thread() 'regular_change changes wallpaper'
INFO: 2021-12-15 01:21:10,055: set_wallpaper() 'Calling set_wallpaper with /home/v/.config/variety/Favorites/wallhaven-57kzd1.jpg'
INFO: 2021-12-15 01:21:10,055: prepare_thread() 'Prepared buffer contains 17 images'
INFO: 2021-12-15 01:21:10,055: do_set_wp() 'Calling do_set_wp with /home/v/.config/variety/Favorites/wallhaven-57kzd1.jpg, time: 1639527670.0554125'
INFO: 2021-12-15 01:21:10,058: update_indicator() 'Setting file info to: /home/v/.config/variety/Favorites/wallhaven-57kzd1.jpg'
INFO: 2021-12-15 01:21:10,059: list_files() 'More than 1 files in the folders, stop listing'
INFO: 2021-12-15 01:21:12,055: trigger_download() 'Triggering download thread to check if download needed'
INFO: 2021-12-15 01:22:10,170: regular_change_thread() 'regular_change changes wallpaper'
INFO: 2021-12-15 01:22:10,170: set_wallpaper() 'Calling set_wallpaper with /home/v/.config/variety/Favorites/wallhaven-y8qpqk.jpg'
INFO: 2021-12-15 01:22:10,170: prepare_thread() 'Prepared buffer contains 16 images'
INFO: 2021-12-15 01:22:10,178: do_set_wp() 'Calling do_set_wp with /home/v/.config/variety/Favorites/wallhaven-y8qpqk.jpg, time: 1639527730.1784654'
INFO: 2021-12-15 01:22:10,181: update_indicator() 'Setting file info to: /home/v/.config/variety/Favorites/wallhaven-y8qpqk.jpg'
INFO: 2021-12-15 01:22:10,182: list_files() 'More than 1 files in the folders, stop listing'
INFO: 2021-12-15 01:22:12,178: trigger_download() 'Triggering download thread to check if download needed'
INFO: 2021-12-15 01:23:10,321: regular_change_thread() 'regular_change changes wallpaper'
INFO: 2021-12-15 01:23:10,321: set_wallpaper() 'Calling set_wallpaper with /home/v/.config/variety/Favorites/wallhaven-zmwv6o.jpg'
INFO: 2021-12-15 01:23:10,321: prepare_thread() 'Prepared buffer contains 15 images'
INFO: 2021-12-15 01:23:10,321: do_set_wp() 'Calling do_set_wp with /home/v/.config/variety/Favorites/wallhaven-zmwv6o.jpg, time: 1639527790.321737'
INFO: 2021-12-15 01:23:10,325: update_indicator() 'Setting file info to: /home/v/.config/variety/Favorites/wallhaven-zmwv6o.jpg'
INFO: 2021-12-15 01:23:10,325: list_files() 'More than 1 files in the folders, stop listing'
INFO: 2021-12-15 01:23:12,321: trigger_download() 'Triggering download thread to check if download needed'
INFO: 2021-12-15 01:24:10,525: regular_change_thread() 'regular_change changes wallpaper'
INFO: 2021-12-15 01:24:10,525: set_wallpaper() 'Calling set_wallpaper with /home/v/.config/variety/Favorites/wallhaven-8o3jdk.jpg'
INFO: 2021-12-15 01:24:10,525: prepare_thread() 'Prepared buffer contains 14 images'
INFO: 2021-12-15 01:24:10,526: do_set_wp() 'Calling do_set_wp with /home/v/.config/variety/Favorites/wallhaven-8o3jdk.jpg, time: 1639527850.5261712'
INFO: 2021-12-15 01:24:10,529: update_indicator() 'Setting file info to: /home/v/.config/variety/Favorites/wallhaven-8o3jdk.jpg'
INFO: 2021-12-15 01:24:10,530: list_files() 'More than 1 files in the folders, stop listing'
INFO: 2021-12-15 01:24:12,526: trigger_download() 'Triggering download thread to check if download needed'
INFO: 2021-12-15 01:25:10,646: regular_change_thread() 'regular_change changes wallpaper'
INFO: 2021-12-15 01:25:10,646: set_wallpaper() 'Calling set_wallpaper with /home/v/.config/variety/Favorites/wallhaven-dgxmpg.jpg'
INFO: 2021-12-15 01:25:10,646: prepare_thread() 'Prepared buffer contains 13 images'
INFO: 2021-12-15 01:25:10,654: do_set_wp() 'Calling do_set_wp with /home/v/.config/variety/Favorites/wallhaven-dgxmpg.jpg, time: 1639527910.6543937'
INFO: 2021-12-15 01:25:10,657: update_indicator() 'Setting file info to: /home/v/.config/variety/Favorites/wallhaven-dgxmpg.jpg'
INFO: 2021-12-15 01:25:10,658: list_files() 'More than 1 files in the folders, stop listing'
INFO: 2021-12-15 01:25:12,654: trigger_download() 'Triggering download thread to check if download needed'
INFO: 2021-12-15 01:26:10,731: regular_change_thread() 'regular_change changes wallpaper'
INFO: 2021-12-15 01:26:10,731: set_wallpaper() 'Calling set_wallpaper with /home/v/.config/variety/Favorites/wallhaven-6owrgl.jpg'
INFO: 2021-12-15 01:26:10,731: prepare_thread() 'Prepared buffer contains 12 images'
INFO: 2021-12-15 01:26:10,731: do_set_wp() 'Calling do_set_wp with /home/v/.config/variety/Favorites/wallhaven-6owrgl.jpg, time: 1639527970.7315826'
INFO: 2021-12-15 01:26:10,735: update_indicator() 'Setting file info to: /home/v/.config/variety/Favorites/wallhaven-6owrgl.jpg'
INFO: 2021-12-15 01:26:10,735: list_files() 'More than 1 files in the folders, stop listing'
INFO: 2021-12-15 01:26:12,731: trigger_download() 'Triggering download thread to check if download needed'
INFO: 2021-12-15 01:27:10,878: regular_change_thread() 'regular_change changes wallpaper'
INFO: 2021-12-15 01:27:10,878: set_wallpaper() 'Calling set_wallpaper with /home/v/.config/variety/Favorites/wallhaven-r29w2m.jpg'
INFO: 2021-12-15 01:27:10,878: prepare_thread() 'Prepared buffer contains 11 images'
INFO: 2021-12-15 01:27:10,878: do_set_wp() 'Calling do_set_wp with /home/v/.config/variety/Favorites/wallhaven-r29w2m.jpg, time: 1639528030.8789213'
INFO: 2021-12-15 01:27:10,882: update_indicator() 'Setting file info to: /home/v/.config/variety/Favorites/wallhaven-r29w2m.jpg'
INFO: 2021-12-15 01:27:10,882: list_files() 'More than 1 files in the folders, stop listing'
INFO: 2021-12-15 01:27:12,878: trigger_download() 'Triggering download thread to check if download needed'
INFO: 2021-12-15 01:28:10,982: regular_change_thread() 'regular_change changes wallpaper'
INFO: 2021-12-15 01:28:10,982: set_wallpaper() 'Calling set_wallpaper with /home/v/.config/variety/Favorites/wallhaven-01j7g0.jpg'
INFO: 2021-12-15 01:28:10,982: prepare_thread() 'Prepared buffer contains 10 images'
INFO: 2021-12-15 01:28:10,982: prepare_thread() 'Preparing some images'
INFO: 2021-12-15 01:28:10,982: do_set_wp() 'Calling do_set_wp with /home/v/.config/variety/Favorites/wallhaven-01j7g0.jpg, time: 1639528090.9825494'
INFO: 2021-12-15 01:28:10,985: prepare_thread() 'After search prepared buffer contains 26 images'
INFO: 2021-12-15 01:28:10,987: update_indicator() 'Setting file info to: /home/v/.config/variety/Favorites/wallhaven-01j7g0.jpg'
INFO: 2021-12-15 01:28:10,987: list_files() 'More than 1 files in the folders, stop listing'
INFO: 2021-12-15 01:28:12,985: trigger_download() 'Triggering download thread to check if download needed'
INFO: 2021-12-15 01:29:11,170: regular_change_thread() 'regular_change changes wallpaper'
INFO: 2021-12-15 01:29:11,170: set_wallpaper() 'Calling set_wallpaper with /home/v/.config/variety/Favorites/wallhaven-g8gx1l.png'
INFO: 2021-12-15 01:29:11,170: prepare_thread() 'Prepared buffer contains 25 images'
INFO: 2021-12-15 01:29:11,170: do_set_wp() 'Calling do_set_wp with /home/v/.config/variety/Favorites/wallhaven-g8gx1l.png, time: 1639528151.170808'
INFO: 2021-12-15 01:29:11,174: update_indicator() 'Setting file info to: /home/v/.config/variety/Favorites/wallhaven-g8gx1l.png'
INFO: 2021-12-15 01:29:11,175: list_files() 'More than 1 files in the folders, stop listing'
INFO: 2021-12-15 01:29:13,170: trigger_download() 'Triggering download thread to check if download needed'
INFO: 2021-12-15 01:30:11,424: regular_change_thread() 'regular_change changes wallpaper'
INFO: 2021-12-15 01:30:11,424: set_wallpaper() 'Calling set_wallpaper with /home/v/.config/variety/Favorites/wallhaven-wq5m1r.jpg'
INFO: 2021-12-15 01:30:11,424: prepare_thread() 'Prepared buffer contains 24 images'
INFO: 2021-12-15 01:30:11,424: do_set_wp() 'Calling do_set_wp with /home/v/.config/variety/Favorites/wallhaven-wq5m1r.jpg, time: 1639528211.4245908'
INFO: 2021-12-15 01:30:11,428: update_indicator() 'Setting file info to: /home/v/.config/variety/Favorites/wallhaven-wq5m1r.jpg'
INFO: 2021-12-15 01:30:11,429: list_files() 'More than 1 files in the folders, stop listing'
INFO: 2021-12-15 01:30:13,424: trigger_download() 'Triggering download thread to check if download needed'
INFO: 2021-12-15 01:31:11,502: regular_change_thread() 'regular_change changes wallpaper'
INFO: 2021-12-15 01:31:11,502: set_wallpaper() 'Calling set_wallpaper with /home/v/.config/variety/Favorites/wallhaven-6omkp7.png'
INFO: 2021-12-15 01:31:11,502: prepare_thread() 'Prepared buffer contains 23 images'
INFO: 2021-12-15 01:31:11,502: do_set_wp() 'Calling do_set_wp with /home/v/.config/variety/Favorites/wallhaven-6omkp7.png, time: 1639528271.5023932'
INFO: 2021-12-15 01:31:11,506: update_indicator() 'Setting file info to: /home/v/.config/variety/Favorites/wallhaven-6omkp7.png'
INFO: 2021-12-15 01:31:11,507: list_files() 'More than 1 files in the folders, stop listing'
INFO: 2021-12-15 01:31:13,502: trigger_download() 'Triggering download thread to check if download needed'
INFO: 2021-12-15 01:32:11,590: regular_change_thread() 'regular_change changes wallpaper'
INFO: 2021-12-15 01:32:11,590: set_wallpaper() 'Calling set_wallpaper with /home/v/.config/variety/Favorites/wallhaven-96qwed.jpg'
INFO: 2021-12-15 01:32:11,590: prepare_thread() 'Prepared buffer contains 22 images'
INFO: 2021-12-15 01:32:11,591: do_set_wp() 'Calling do_set_wp with /home/v/.config/variety/Favorites/wallhaven-96qwed.jpg, time: 1639528331.5911913'
INFO: 2021-12-15 01:32:11,595: update_indicator() 'Setting file info to: /home/v/.config/variety/Favorites/wallhaven-96qwed.jpg'
INFO: 2021-12-15 01:32:11,595: list_files() 'More than 1 files in the folders, stop listing'
INFO: 2021-12-15 01:32:13,591: trigger_download() 'Triggering download thread to check if download needed'
INFO: 2021-12-15 01:33:11,819: regular_change_thread() 'regular_change changes wallpaper'
INFO: 2021-12-15 01:33:11,819: set_wallpaper() 'Calling set_wallpaper with /home/v/.config/variety/Favorites/wallhaven-l3koe2.jpg'
INFO: 2021-12-15 01:33:11,819: prepare_thread() 'Prepared buffer contains 21 images'
INFO: 2021-12-15 01:33:11,819: do_set_wp() 'Calling do_set_wp with /home/v/.config/variety/Favorites/wallhaven-l3koe2.jpg, time: 1639528391.8196123'
INFO: 2021-12-15 01:33:11,823: update_indicator() 'Setting file info to: /home/v/.config/variety/Favorites/wallhaven-l3koe2.jpg'
INFO: 2021-12-15 01:33:11,824: list_files() 'More than 1 files in the folders, stop listing'
INFO: 2021-12-15 01:33:13,819: trigger_download() 'Triggering download thread to check if download needed'
INFO: 2021-12-15 01:34:11,935: regular_change_thread() 'regular_change changes wallpaper'
INFO: 2021-12-15 01:34:11,935: set_wallpaper() 'Calling set_wallpaper with /home/v/.config/variety/Favorites/wallhaven-m9q6e9.jpg'
INFO: 2021-12-15 01:34:11,935: prepare_thread() 'Prepared buffer contains 20 images'
INFO: 2021-12-15 01:34:11,936: do_set_wp() 'Calling do_set_wp with /home/v/.config/variety/Favorites/wallhaven-m9q6e9.jpg, time: 1639528451.936167'
INFO: 2021-12-15 01:34:11,940: update_indicator() 'Setting file info to: /home/v/.config/variety/Favorites/wallhaven-m9q6e9.jpg'
INFO: 2021-12-15 01:34:11,941: list_files() 'More than 1 files in the folders, stop listing'
INFO: 2021-12-15 01:34:13,936: trigger_download() 'Triggering download thread to check if download needed'
